<?xml version="1.0" encoding="UTF-8"?>
<!-- Generated by org.testng.reporters.JUnitXMLReporter -->
<testsuite ignored="0" hostname="DESKTOP-J1MRT3Q" failures="0" tests="12" name="test Scenarios" time="95.237" errors="0" timestamp="2022-06-11T17:24:40 IST">
  <testcase classname="com.sgtesting.basictestng.BasicScenario7DemoTestNG" name="launchbroswer" time="11.371"/>
  <testcase classname="com.sgtesting.basictestng.BasicScenario7DemoTestNG" name="navigate" time="14.405"/>
  <testcase classname="com.sgtesting.basictestng.BasicScenario7DemoTestNG" name="Login" time="5.977"/>
  <testcase classname="com.sgtesting.basictestng.BasicScenario7DemoTestNG" name="minimizeFlyOutWindow" time="7.242"/>
  <testcase classname="com.sgtesting.basictestng.BasicScenario7DemoTestNG" name="createcustomer" time="13.445"/>
  <testcase classname="com.sgtesting.basictestng.BasicScenario7DemoTestNG" name="Createproject" time="9.443"/>
  <testcase classname="com.sgtesting.basictestng.BasicScenario7DemoTestNG" name="addtask" time="8.467"/>
  <testcase classname="com.sgtesting.basictestng.BasicScenario7DemoTestNG" name="deletetask" time="2.437"/>
  <testcase classname="com.sgtesting.basictestng.BasicScenario7DemoTestNG" name="DeleteProject" time="8.03"/>
  <testcase classname="com.sgtesting.basictestng.BasicScenario7DemoTestNG" name="deletecustomer" time="8.016"/>
  <testcase classname="com.sgtesting.basictestng.BasicScenario7DemoTestNG" name="logout" time="5.095"/>
  <testcase classname="com.sgtesting.basictestng.BasicScenario7DemoTestNG" name="closeapplication" time="0.701"/>
</testsuite> <!-- test Scenarios -->
