<?xml version="1.0" encoding="UTF-8"?>
<!-- Generated by org.testng.reporters.JUnitXMLReporter -->
<testsuite ignored="0" hostname="DESKTOP-J1MRT3Q" failures="0" tests="8" name="test Scenarios" time="59.102" errors="0" timestamp="2022-06-10T18:39:46 IST">
  <testcase classname="com.sgtesting.basictestng.Basicscenario1DemoTestNG" name="launchbrowser" time="8.88"/>
  <testcase classname="com.sgtesting.basictestng.Basicscenario1DemoTestNG" name="navigate" time="5.339"/>
  <testcase classname="com.sgtesting.basictestng.Basicscenario1DemoTestNG" name="login" time="5.866"/>
  <testcase classname="com.sgtesting.basictestng.Basicscenario1DemoTestNG" name="minimizeFlyOutWindow" time="4.322"/>
  <testcase classname="com.sgtesting.basictestng.Basicscenario1DemoTestNG" name="createuser" time="22.309"/>
  <testcase classname="com.sgtesting.basictestng.Basicscenario1DemoTestNG" name="deleteuser" time="5.648"/>
  <testcase classname="com.sgtesting.basictestng.Basicscenario1DemoTestNG" name="logout" time="5.543"/>
  <testcase classname="com.sgtesting.basictestng.Basicscenario1DemoTestNG" name="closeapplication" time="0.847"/>
</testsuite> <!-- test Scenarios -->
