<?xml version="1.0" encoding="UTF-8"?>
<testng-results ignored="0" total="12" passed="12" failed="0" skipped="0">
  <reporter-output>
  </reporter-output>
  <suite started-at="2022-06-11T17:23:05 IST" name="Demo" finished-at="2022-06-11T17:24:40 IST" duration-ms="95237">
    <groups>
    </groups>
    <test started-at="2022-06-11T17:23:05 IST" name="test Scenarios" finished-at="2022-06-11T17:24:40 IST" duration-ms="95237">
      <class name="com.sgtesting.basictestng.BasicScenario7DemoTestNG">
        <test-method signature="launchbroswer()[pri:1, instance:com.sgtesting.basictestng.BasicScenario7DemoTestNG@5562c41e]" started-at="2022-06-11T17:23:05 IST" name="launchbroswer" finished-at="2022-06-11T17:23:16 IST" duration-ms="11371" status="PASS">
          <reporter-output>
          </reporter-output>
        </test-method> <!-- launchbroswer -->
        <test-method signature="navigate()[pri:2, instance:com.sgtesting.basictestng.BasicScenario7DemoTestNG@5562c41e]" started-at="2022-06-11T17:23:16 IST" name="navigate" finished-at="2022-06-11T17:23:31 IST" duration-ms="14405" status="PASS">
          <reporter-output>
          </reporter-output>
        </test-method> <!-- navigate -->
        <test-method signature="Login(java.lang.String,java.lang.String)[pri:3, instance:com.sgtesting.basictestng.BasicScenario7DemoTestNG@5562c41e]" started-at="2022-06-11T17:23:31 IST" name="Login" data-provider="logindetails" finished-at="2022-06-11T17:23:37 IST" duration-ms="5977" status="PASS">
          <params>
            <param index="0">
              <value>
                <![CDATA[admin]]>
              </value>
            </param>
            <param index="1">
              <value>
                <![CDATA[manager]]>
              </value>
            </param>
          </params>
          <reporter-output>
          </reporter-output>
        </test-method> <!-- Login -->
        <test-method signature="minimizeFlyOutWindow()[pri:4, instance:com.sgtesting.basictestng.BasicScenario7DemoTestNG@5562c41e]" started-at="2022-06-11T17:23:37 IST" name="minimizeFlyOutWindow" finished-at="2022-06-11T17:23:44 IST" duration-ms="7242" status="PASS">
          <reporter-output>
          </reporter-output>
        </test-method> <!-- minimizeFlyOutWindow -->
        <test-method signature="createcustomer(java.lang.String,java.lang.String)[pri:5, instance:com.sgtesting.basictestng.BasicScenario7DemoTestNG@5562c41e]" started-at="2022-06-11T17:23:44 IST" name="createcustomer" data-provider="customerdetails" finished-at="2022-06-11T17:23:58 IST" duration-ms="13445" status="PASS">
          <params>
            <param index="0">
              <value>
                <![CDATA[HosaCustomer]]>
              </value>
            </param>
            <param index="1">
              <value>
                <![CDATA[This ia new Customer]]>
              </value>
            </param>
          </params>
          <reporter-output>
          </reporter-output>
        </test-method> <!-- createcustomer -->
        <test-method signature="Createproject(java.lang.String,java.lang.String)[pri:6, instance:com.sgtesting.basictestng.BasicScenario7DemoTestNG@5562c41e]" started-at="2022-06-11T17:23:58 IST" name="Createproject" data-provider="newProj" finished-at="2022-06-11T17:24:07 IST" duration-ms="9443" status="PASS">
          <params>
            <param index="0">
              <value>
                <![CDATA[New Project]]>
              </value>
            </param>
            <param index="1">
              <value>
                <![CDATA[This is a new Project]]>
              </value>
            </param>
          </params>
          <reporter-output>
          </reporter-output>
        </test-method> <!-- Createproject -->
        <test-method signature="addtask(java.lang.String,java.lang.String)[pri:7, instance:com.sgtesting.basictestng.BasicScenario7DemoTestNG@5562c41e]" started-at="2022-06-11T17:24:07 IST" name="addtask" data-provider="taskadd" finished-at="2022-06-11T17:24:16 IST" duration-ms="8467" status="PASS">
          <params>
            <param index="0">
              <value>
                <![CDATA[TASK1]]>
              </value>
            </param>
            <param index="1">
              <value>
                <![CDATA[TASK2]]>
              </value>
            </param>
          </params>
          <reporter-output>
          </reporter-output>
        </test-method> <!-- addtask -->
        <test-method signature="deletetask()[pri:8, instance:com.sgtesting.basictestng.BasicScenario7DemoTestNG@5562c41e]" started-at="2022-06-11T17:24:16 IST" name="deletetask" finished-at="2022-06-11T17:24:18 IST" duration-ms="2437" status="PASS">
          <reporter-output>
          </reporter-output>
        </test-method> <!-- deletetask -->
        <test-method signature="DeleteProject()[pri:9, instance:com.sgtesting.basictestng.BasicScenario7DemoTestNG@5562c41e]" started-at="2022-06-11T17:24:18 IST" name="DeleteProject" finished-at="2022-06-11T17:24:26 IST" duration-ms="8030" status="PASS">
          <reporter-output>
          </reporter-output>
        </test-method> <!-- DeleteProject -->
        <test-method signature="deletecustomer()[pri:10, instance:com.sgtesting.basictestng.BasicScenario7DemoTestNG@5562c41e]" started-at="2022-06-11T17:24:26 IST" name="deletecustomer" finished-at="2022-06-11T17:24:34 IST" duration-ms="8016" status="PASS">
          <reporter-output>
          </reporter-output>
        </test-method> <!-- deletecustomer -->
        <test-method signature="logout()[pri:11, instance:com.sgtesting.basictestng.BasicScenario7DemoTestNG@5562c41e]" started-at="2022-06-11T17:24:34 IST" name="logout" finished-at="2022-06-11T17:24:39 IST" duration-ms="5095" status="PASS">
          <reporter-output>
          </reporter-output>
        </test-method> <!-- logout -->
        <test-method signature="closeapplication()[pri:12, instance:com.sgtesting.basictestng.BasicScenario7DemoTestNG@5562c41e]" started-at="2022-06-11T17:24:39 IST" name="closeapplication" finished-at="2022-06-11T17:24:40 IST" duration-ms="701" status="PASS">
          <reporter-output>
          </reporter-output>
        </test-method> <!-- closeapplication -->
      </class> <!-- com.sgtesting.basictestng.BasicScenario7DemoTestNG -->
    </test> <!-- test Scenarios -->
  </suite> <!-- Demo -->
</testng-results>
