<?xml version="1.0" encoding="UTF-8"?>
<!-- Generated by org.testng.reporters.JUnitXMLReporter -->
<testsuite ignored="0" hostname="DESKTOP-J1MRT3Q" failures="0" tests="31" name="Default test" time="183.581" errors="0" timestamp="2022-06-10T18:02:16 IST">
  <testcase classname="com.sgtesting.advancetestng.AdvanceScenario1DemoTestNG" name="launchbrowser" time="7.072"/>
  <testcase classname="com.sgtesting.advancetestng.AdvanceScenario1DemoTestNG" name="navigate" time="5.343"/>
  <testcase classname="com.sgtesting.advancetestng.AdvanceScenario1DemoTestNG" name="Login1" time="5.821"/>
  <testcase classname="com.sgtesting.advancetestng.AdvanceScenario1DemoTestNG" name="minimizeFlyOutWindow" time="3.298"/>
  <testcase classname="com.sgtesting.advancetestng.AdvanceScenario1DemoTestNG" name="createuser1" time="17.585"/>
  <testcase classname="com.sgtesting.advancetestng.AdvanceScenario1DemoTestNG" name="createuser2" time="13.435"/>
  <testcase classname="com.sgtesting.advancetestng.AdvanceScenario1DemoTestNG" name="createuser3" time="13.459"/>
  <testcase classname="com.sgtesting.advancetestng.AdvanceScenario1DemoTestNG" name="logout1" time="4.063"/>
  <testcase classname="com.sgtesting.advancetestng.AdvanceScenario1DemoTestNG" name="Loginuser1" time="11.716"/>
  <testcase classname="com.sgtesting.advancetestng.AdvanceScenario1DemoTestNG" name="logoutuser1" time="3.857"/>
  <testcase classname="com.sgtesting.advancetestng.AdvanceScenario1DemoTestNG" name="Loginuser2" time="3.814"/>
  <testcase classname="com.sgtesting.advancetestng.AdvanceScenario1DemoTestNG" name="logoutuser2" time="0.118"/>
  <testcase classname="com.sgtesting.advancetestng.AdvanceScenario1DemoTestNG" name="Loginuser3" time="3.761"/>
  <testcase classname="com.sgtesting.advancetestng.AdvanceScenario1DemoTestNG" name="logoutuser3" time="0.095"/>
  <testcase classname="com.sgtesting.advancetestng.AdvanceScenario1DemoTestNG" name="Login" time="5.608"/>
  <testcase classname="com.sgtesting.advancetestng.AdvanceScenario1DemoTestNG" name="modifyuser1" time="10.642"/>
  <testcase classname="com.sgtesting.advancetestng.AdvanceScenario1DemoTestNG" name="modifyuser2" time="7.981"/>
  <testcase classname="com.sgtesting.advancetestng.AdvanceScenario1DemoTestNG" name="modifyuser3" time="8.028"/>
  <testcase classname="com.sgtesting.advancetestng.AdvanceScenario1DemoTestNG" name="logout2" time="3.805"/>
  <testcase classname="com.sgtesting.advancetestng.AdvanceScenario1DemoTestNG" name="Loginuser11" time="5.682"/>
  <testcase classname="com.sgtesting.advancetestng.AdvanceScenario1DemoTestNG" name="logoutuser11" time="3.905"/>
  <testcase classname="com.sgtesting.advancetestng.AdvanceScenario1DemoTestNG" name="Loginuser22" time="5.569"/>
  <testcase classname="com.sgtesting.advancetestng.AdvanceScenario1DemoTestNG" name="logoutuser22" time="0.078"/>
  <testcase classname="com.sgtesting.advancetestng.AdvanceScenario1DemoTestNG" name="Loginuser33" time="5.626"/>
  <testcase classname="com.sgtesting.advancetestng.AdvanceScenario1DemoTestNG" name="logoutuser33" time="0.103"/>
  <testcase classname="com.sgtesting.advancetestng.AdvanceScenario1DemoTestNG" name="Login3" time="5.562"/>
  <testcase classname="com.sgtesting.advancetestng.AdvanceScenario1DemoTestNG" name="Deleteuser1" time="8.648"/>
  <testcase classname="com.sgtesting.advancetestng.AdvanceScenario1DemoTestNG" name="Deleteuser2" time="6.69"/>
  <testcase classname="com.sgtesting.advancetestng.AdvanceScenario1DemoTestNG" name="Deleteuser3" time="6.679"/>
  <testcase classname="com.sgtesting.advancetestng.AdvanceScenario1DemoTestNG" name="logout3" time="3.823"/>
  <testcase classname="com.sgtesting.advancetestng.AdvanceScenario1DemoTestNG" name="closeapplication" time="0.864"/>
</testsuite> <!-- Default test -->
